0 info it worked if it ends with ok
1 verbose cli [ '/usr/bin/node', '/usr/bin/npm', 'run', 'start' ]
2 info using npm@3.10.10
3 info using node@v6.12.0
4 verbose run-script [ 'prestart', 'start', 'poststart' ]
5 info lifecycle redux-token-api-middleware@0.8.4~prestart: redux-token-api-middleware@0.8.4
6 silly lifecycle redux-token-api-middleware@0.8.4~prestart: no script for prestart, continuing
7 info lifecycle redux-token-api-middleware@0.8.4~start: redux-token-api-middleware@0.8.4
8 verbose lifecycle redux-token-api-middleware@0.8.4~start: unsafe-perm in lifecycle true
9 verbose lifecycle redux-token-api-middleware@0.8.4~start: PATH: /usr/lib/node_modules/npm/bin/node-gyp-bin:/home/stone/source/javascript/redux-token-api-middleware/node_modules/.bin:/usr/lib64/qt-3.3/bin:/usr/local/bin:/usr/local/sbin:/usr/bin:/usr/sbin:/home/stone/Android/Sdk/tools:/home/stone/Android/Sdk/platform-tools:/home/stone/.local/bin:/home/stone/bin:/home/stone/Android/Sdk/tools:/home/stone/Android/Sdk/platform-tools
10 verbose lifecycle redux-token-api-middleware@0.8.4~start: CWD: /home/stone/source/javascript/redux-token-api-middleware
11 silly lifecycle redux-token-api-middleware@0.8.4~start: Args: [ '-c', 'node examples/server.js' ]
12 silly lifecycle redux-token-api-middleware@0.8.4~start: Returned: code: 1  signal: null
13 info lifecycle redux-token-api-middleware@0.8.4~start: Failed to exec start script
14 verbose stack Error: redux-token-api-middleware@0.8.4 start: `node examples/server.js`
14 verbose stack Exit status 1
14 verbose stack     at EventEmitter.<anonymous> (/usr/lib/node_modules/npm/lib/utils/lifecycle.js:255:16)
14 verbose stack     at emitTwo (events.js:106:13)
14 verbose stack     at EventEmitter.emit (events.js:191:7)
14 verbose stack     at ChildProcess.<anonymous> (/usr/lib/node_modules/npm/lib/utils/spawn.js:40:14)
14 verbose stack     at emitTwo (events.js:106:13)
14 verbose stack     at ChildProcess.emit (events.js:191:7)
14 verbose stack     at maybeClose (internal/child_process.js:920:16)
14 verbose stack     at Process.ChildProcess._handle.onexit (internal/child_process.js:230:5)
15 verbose pkgid redux-token-api-middleware@0.8.4
16 verbose cwd /home/stone/source/javascript/redux-token-api-middleware
17 error Linux 4.11.6-201.fc25.x86_64
18 error argv "/usr/bin/node" "/usr/bin/npm" "run" "start"
19 error node v6.12.0
20 error npm  v3.10.10
21 error code ELIFECYCLE
22 error redux-token-api-middleware@0.8.4 start: `node examples/server.js`
22 error Exit status 1
23 error Failed at the redux-token-api-middleware@0.8.4 start script 'node examples/server.js'.
23 error Make sure you have the latest version of node.js and npm installed.
23 error If you do, this is most likely a problem with the redux-token-api-middleware package,
23 error not with npm itself.
23 error Tell the author that this fails on your system:
23 error     node examples/server.js
23 error You can get information on how to open an issue for this project with:
23 error     npm bugs redux-token-api-middleware
23 error Or if that isn't available, you can get their info via:
23 error     npm owner ls redux-token-api-middleware
23 error There is likely additional logging output above.
24 verbose exit [ 1, true ]
